{"level":"info","message":"[14:02:40]데이터 베이스 연결 성공","service":"general"}
{"level":"error","message":"[14:03:17]Cannot read property 'skin' of undefined","service":"general"}
{"level":"error","message":"[14:03:17]TypeError: Cannot read property 'skin' of undefined\n    at Object.getBoard (D:\\study\\express\\board\\models\\board.js:78:21)\n    at processTicksAndRejections (internal/process/task_queues.js:93:5)\n    at async D:\\study\\express\\board\\routes\\board\\index.js:45:18","service":"general"}
{"level":"error","message":"[14:03:17][500](D:\\study\\express\\board\\views\\board\\form.html) [Line 1, Column 3]\n  Error: template names must be a string: undefined","service":"general"}
{"level":"error","message":"[14:03:17]Template render error: (D:\\study\\express\\board\\views\\board\\form.html) [Line 1, Column 3]\n  Error: template names must be a string: undefined\n    at Object._prettifyError (D:\\study\\express\\board\\node_modules\\nunjucks\\src\\lib.js:36:11)\n    at D:\\study\\express\\board\\node_modules\\nunjucks\\src\\environment.js:563:19\n    at eval (eval at _compile (D:\\study\\express\\board\\node_modules\\nunjucks\\src\\environment.js:633:18), <anonymous>:83:12)\n    at b_content (eval at _compile (D:\\study\\express\\board\\node_modules\\nunjucks\\src\\environment.js:633:18), <anonymous>:68:3)\n    at eval (eval at _compile (D:\\study\\express\\board\\node_modules\\nunjucks\\src\\environment.js:633:18), <anonymous>:82:86)\n    at eval (eval at _compile (D:\\study\\express\\board\\node_modules\\nunjucks\\src\\environment.js:633:18), <anonymous>:186:1)\n    at eval (eval at _compile (D:\\study\\express\\board\\node_modules\\nunjucks\\src\\environment.js:633:18), <anonymous>:182:1)\n    at fn (D:\\study\\express\\board\\node_modules\\a-sync-waterfall\\index.js:26:24)\n    at D:\\study\\express\\board\\node_modules\\a-sync-waterfall\\index.js:66:22\n    at executeSync (D:\\study\\express\\board\\node_modules\\a-sync-waterfall\\index.js:8:15)","service":"general"}
{"level":"error","message":"[14:03:35]Cannot read property 'skin' of undefined","service":"general"}
{"level":"error","message":"[14:03:35]TypeError: Cannot read property 'skin' of undefined\n    at Object.getBoard (D:\\study\\express\\board\\models\\board.js:78:21)\n    at processTicksAndRejections (internal/process/task_queues.js:93:5)\n    at async D:\\study\\express\\board\\routes\\board\\index.js:30:20","service":"general"}
{"level":"error","message":"[14:03:35][500](D:\\study\\express\\board\\views\\board\\list.html) [Line 1, Column 3]\n  Error: template names must be a string: undefined","service":"general"}
{"level":"error","message":"[14:03:35]Template render error: (D:\\study\\express\\board\\views\\board\\list.html) [Line 1, Column 3]\n  Error: template names must be a string: undefined\n    at Object._prettifyError (D:\\study\\express\\board\\node_modules\\nunjucks\\src\\lib.js:36:11)\n    at D:\\study\\express\\board\\node_modules\\nunjucks\\src\\environment.js:563:19\n    at eval (eval at _compile (D:\\study\\express\\board\\node_modules\\nunjucks\\src\\environment.js:633:18), <anonymous>:83:12)\n    at b_content (eval at _compile (D:\\study\\express\\board\\node_modules\\nunjucks\\src\\environment.js:633:18), <anonymous>:59:3)\n    at eval (eval at _compile (D:\\study\\express\\board\\node_modules\\nunjucks\\src\\environment.js:633:18), <anonymous>:82:86)\n    at eval (eval at _compile (D:\\study\\express\\board\\node_modules\\nunjucks\\src\\environment.js:633:18), <anonymous>:186:1)\n    at eval (eval at _compile (D:\\study\\express\\board\\node_modules\\nunjucks\\src\\environment.js:633:18), <anonymous>:182:1)\n    at fn (D:\\study\\express\\board\\node_modules\\a-sync-waterfall\\index.js:26:24)\n    at D:\\study\\express\\board\\node_modules\\a-sync-waterfall\\index.js:66:22\n    at executeSync (D:\\study\\express\\board\\node_modules\\a-sync-waterfall\\index.js:8:15)","service":"general"}
{"level":"info","message":"[14:05:09]데이터 베이스 연결 성공","service":"general"}
{"level":"info","message":"[14:06:46]데이터 베이스 연결 성공","service":"general"}
{"level":"info","message":"[14:08:55]데이터 베이스 연결 성공","service":"general"}
{"level":"info","message":"[14:10:55]데이터 베이스 연결 성공","service":"general"}
{"level":"error","message":"[14:10:57][404]/favicon.ico은 없는 페이지 입니다.","service":"general"}
{"level":"error","message":"[14:10:57]Error: /favicon.ico은 없는 페이지 입니다.\n    at D:\\study\\express\\board\\app.js:69:16\n    at Layer.handle [as handle_request] (D:\\study\\express\\board\\node_modules\\express\\lib\\router\\layer.js:95:5)\n    at trim_prefix (D:\\study\\express\\board\\node_modules\\express\\lib\\router\\index.js:317:13)\n    at D:\\study\\express\\board\\node_modules\\express\\lib\\router\\index.js:284:7\n    at Function.process_params (D:\\study\\express\\board\\node_modules\\express\\lib\\router\\index.js:335:12)\n    at next (D:\\study\\express\\board\\node_modules\\express\\lib\\router\\index.js:275:10)\n    at D:\\study\\express\\board\\node_modules\\express\\lib\\router\\index.js:635:15\n    at next (D:\\study\\express\\board\\node_modules\\express\\lib\\router\\index.js:260:14)\n    at Function.handle (D:\\study\\express\\board\\node_modules\\express\\lib\\router\\index.js:174:3)\n    at router (D:\\study\\express\\board\\node_modules\\express\\lib\\router\\index.js:47:12)","service":"general"}
{"level":"info","message":"[14:28:45]데이터 베이스 연결 성공","service":"general"}
{"level":"info","message":"[14:28:47]데이터 베이스 연결 성공","service":"general"}
{"level":"info","message":"[14:30:27]데이터 베이스 연결 성공","service":"general"}
{"level":"info","message":"[14:32:27]데이터 베이스 연결 성공","service":"general"}
{"level":"info","message":"[14:32:42]데이터 베이스 연결 성공","service":"general"}
{"level":"info","message":"[14:33:13]데이터 베이스 연결 성공","service":"general"}
{"level":"info","message":"[14:33:21]데이터 베이스 연결 성공","service":"general"}
{"level":"info","message":"[14:33:23]데이터 베이스 연결 성공","service":"general"}
{"level":"info","message":"[14:33:29]데이터 베이스 연결 성공","service":"general"}
{"level":"info","message":"[14:34:26]데이터 베이스 연결 성공","service":"general"}
{"level":"info","message":"[14:34:32]데이터 베이스 연결 성공","service":"general"}
{"level":"info","message":"[14:34:37]데이터 베이스 연결 성공","service":"general"}
{"level":"info","message":"[14:35:26]데이터 베이스 연결 성공","service":"general"}
{"level":"info","message":"[14:35:37]데이터 베이스 연결 성공","service":"general"}
{"level":"info","message":"[14:35:53]데이터 베이스 연결 성공","service":"general"}
{"level":"info","message":"[14:36:00]데이터 베이스 연결 성공","service":"general"}
{"level":"info","message":"[14:36:07]데이터 베이스 연결 성공","service":"general"}
{"level":"info","message":"[14:36:26]데이터 베이스 연결 성공","service":"general"}
{"level":"info","message":"[14:36:30]데이터 베이스 연결 성공","service":"general"}
{"level":"info","message":"[14:37:48]데이터 베이스 연결 성공","service":"general"}
{"level":"info","message":"[14:38:04]데이터 베이스 연결 성공","service":"general"}
{"level":"info","message":"[14:38:28]데이터 베이스 연결 성공","service":"general"}
{"level":"info","message":"[14:38:52]데이터 베이스 연결 성공","service":"general"}
{"level":"info","message":"[14:39:01]데이터 베이스 연결 성공","service":"general"}
{"level":"info","message":"[14:39:20]데이터 베이스 연결 성공","service":"general"}
{"level":"info","message":"[14:39:33]데이터 베이스 연결 성공","service":"general"}
{"level":"info","message":"[14:39:39]데이터 베이스 연결 성공","service":"general"}
{"level":"info","message":"[14:40:02]데이터 베이스 연결 성공","service":"general"}
{"level":"info","message":"[14:40:49]데이터 베이스 연결 성공","service":"general"}
{"level":"info","message":"[14:41:10]데이터 베이스 연결 성공","service":"general"}
{"level":"info","message":"[14:41:19]데이터 베이스 연결 성공","service":"general"}
{"level":"info","message":"[14:41:35]데이터 베이스 연결 성공","service":"general"}
{"level":"info","message":"[14:42:24]데이터 베이스 연결 성공","service":"general"}
{"level":"info","message":"[14:42:34]데이터 베이스 연결 성공","service":"general"}
{"level":"info","message":"[14:43:02]데이터 베이스 연결 성공","service":"general"}
{"level":"info","message":"[14:43:14]데이터 베이스 연결 성공","service":"general"}
{"level":"info","message":"[14:43:19]데이터 베이스 연결 성공","service":"general"}
{"level":"info","message":"[14:43:54]데이터 베이스 연결 성공","service":"general"}
{"level":"info","message":"[14:44:59]데이터 베이스 연결 성공","service":"general"}
{"level":"info","message":"[14:45:50]데이터 베이스 연결 성공","service":"general"}
{"level":"info","message":"[14:45:56]데이터 베이스 연결 성공","service":"general"}
{"level":"info","message":"[14:46:21]데이터 베이스 연결 성공","service":"general"}
{"level":"info","message":"[14:46:50]데이터 베이스 연결 성공","service":"general"}
{"level":"info","message":"[14:47:24]데이터 베이스 연결 성공","service":"general"}
{"level":"info","message":"[14:47:29]데이터 베이스 연결 성공","service":"general"}
{"level":"info","message":"[14:49:24]데이터 베이스 연결 성공","service":"general"}
{"level":"info","message":"[14:49:27]데이터 베이스 연결 성공","service":"general"}
{"level":"info","message":"[14:53:02]데이터 베이스 연결 성공","service":"general"}
{"level":"info","message":"[14:53:20]데이터 베이스 연결 성공","service":"general"}
{"level":"info","message":"[14:54:18]데이터 베이스 연결 성공","service":"general"}
{"level":"error","message":"[14:54:47][404]/board/comment/4은 없는 페이지 입니다.","service":"general"}
{"level":"error","message":"[14:54:47]Error: /board/comment/4은 없는 페이지 입니다.\n    at D:\\study\\express\\board\\app.js:69:16\n    at Layer.handle [as handle_request] (D:\\study\\express\\board\\node_modules\\express\\lib\\router\\layer.js:95:5)\n    at trim_prefix (D:\\study\\express\\board\\node_modules\\express\\lib\\router\\index.js:317:13)\n    at D:\\study\\express\\board\\node_modules\\express\\lib\\router\\index.js:284:7\n    at Function.process_params (D:\\study\\express\\board\\node_modules\\express\\lib\\router\\index.js:335:12)\n    at next (D:\\study\\express\\board\\node_modules\\express\\lib\\router\\index.js:275:10)\n    at D:\\study\\express\\board\\node_modules\\express\\lib\\router\\index.js:635:15\n    at next (D:\\study\\express\\board\\node_modules\\express\\lib\\router\\index.js:260:14)\n    at commentAuthorityCheck (D:\\study\\express\\board\\middlewares\\board.js:135:12)\n    at processTicksAndRejections (internal/process/task_queues.js:93:5)","service":"general"}
{"level":"error","message":"[14:55:03][404]/board/comment/4은 없는 페이지 입니다.","service":"general"}
{"level":"error","message":"[14:55:03]Error: /board/comment/4은 없는 페이지 입니다.\n    at D:\\study\\express\\board\\app.js:69:16\n    at Layer.handle [as handle_request] (D:\\study\\express\\board\\node_modules\\express\\lib\\router\\layer.js:95:5)\n    at trim_prefix (D:\\study\\express\\board\\node_modules\\express\\lib\\router\\index.js:317:13)\n    at D:\\study\\express\\board\\node_modules\\express\\lib\\router\\index.js:284:7\n    at Function.process_params (D:\\study\\express\\board\\node_modules\\express\\lib\\router\\index.js:335:12)\n    at next (D:\\study\\express\\board\\node_modules\\express\\lib\\router\\index.js:275:10)\n    at D:\\study\\express\\board\\node_modules\\express\\lib\\router\\index.js:635:15\n    at next (D:\\study\\express\\board\\node_modules\\express\\lib\\router\\index.js:260:14)\n    at commentAuthorityCheck (D:\\study\\express\\board\\middlewares\\board.js:145:3)\n    at Layer.handle [as handle_request] (D:\\study\\express\\board\\node_modules\\express\\lib\\router\\layer.js:95:5)","service":"general"}
{"level":"info","message":"[14:55:31]데이터 베이스 연결 성공","service":"general"}
{"level":"error","message":"[14:55:38][404]/board/comment/4은 없는 페이지 입니다.","service":"general"}
{"level":"error","message":"[14:55:38]Error: /board/comment/4은 없는 페이지 입니다.\n    at D:\\study\\express\\board\\app.js:69:16\n    at Layer.handle [as handle_request] (D:\\study\\express\\board\\node_modules\\express\\lib\\router\\layer.js:95:5)\n    at trim_prefix (D:\\study\\express\\board\\node_modules\\express\\lib\\router\\index.js:317:13)\n    at D:\\study\\express\\board\\node_modules\\express\\lib\\router\\index.js:284:7\n    at Function.process_params (D:\\study\\express\\board\\node_modules\\express\\lib\\router\\index.js:335:12)\n    at next (D:\\study\\express\\board\\node_modules\\express\\lib\\router\\index.js:275:10)\n    at D:\\study\\express\\board\\node_modules\\express\\lib\\router\\index.js:635:15\n    at next (D:\\study\\express\\board\\node_modules\\express\\lib\\router\\index.js:260:14)\n    at commentAuthorityCheck (D:\\study\\express\\board\\middlewares\\board.js:135:12)\n    at processTicksAndRejections (internal/process/task_queues.js:93:5)","service":"general"}
{"level":"error","message":"[14:57:29][404]/board/comment/4은 없는 페이지 입니다.","service":"general"}
{"level":"error","message":"[14:57:29]Error: /board/comment/4은 없는 페이지 입니다.\n    at D:\\study\\express\\board\\app.js:69:16\n    at Layer.handle [as handle_request] (D:\\study\\express\\board\\node_modules\\express\\lib\\router\\layer.js:95:5)\n    at trim_prefix (D:\\study\\express\\board\\node_modules\\express\\lib\\router\\index.js:317:13)\n    at D:\\study\\express\\board\\node_modules\\express\\lib\\router\\index.js:284:7\n    at Function.process_params (D:\\study\\express\\board\\node_modules\\express\\lib\\router\\index.js:335:12)\n    at next (D:\\study\\express\\board\\node_modules\\express\\lib\\router\\index.js:275:10)\n    at D:\\study\\express\\board\\node_modules\\express\\lib\\router\\index.js:635:15\n    at next (D:\\study\\express\\board\\node_modules\\express\\lib\\router\\index.js:260:14)\n    at commentAuthorityCheck (D:\\study\\express\\board\\middlewares\\board.js:145:3)\n    at Layer.handle [as handle_request] (D:\\study\\express\\board\\node_modules\\express\\lib\\router\\layer.js:95:5)","service":"general"}
{"level":"error","message":"[14:57:29][404]/board/comment/4은 없는 페이지 입니다.","service":"general"}
{"level":"error","message":"[14:57:29]Error: /board/comment/4은 없는 페이지 입니다.\n    at D:\\study\\express\\board\\app.js:69:16\n    at Layer.handle [as handle_request] (D:\\study\\express\\board\\node_modules\\express\\lib\\router\\layer.js:95:5)\n    at trim_prefix (D:\\study\\express\\board\\node_modules\\express\\lib\\router\\index.js:317:13)\n    at D:\\study\\express\\board\\node_modules\\express\\lib\\router\\index.js:284:7\n    at Function.process_params (D:\\study\\express\\board\\node_modules\\express\\lib\\router\\index.js:335:12)\n    at next (D:\\study\\express\\board\\node_modules\\express\\lib\\router\\index.js:275:10)\n    at D:\\study\\express\\board\\node_modules\\express\\lib\\router\\index.js:635:15\n    at next (D:\\study\\express\\board\\node_modules\\express\\lib\\router\\index.js:260:14)\n    at commentAuthorityCheck (D:\\study\\express\\board\\middlewares\\board.js:145:3)\n    at Layer.handle [as handle_request] (D:\\study\\express\\board\\node_modules\\express\\lib\\router\\layer.js:95:5)","service":"general"}
{"level":"info","message":"[14:57:35]데이터 베이스 연결 성공","service":"general"}
{"level":"info","message":"[14:57:38]데이터 베이스 연결 성공","service":"general"}
{"level":"error","message":"[14:58:13][404]/board/comment/4은 없는 페이지 입니다.","service":"general"}
{"level":"error","message":"[14:58:13]Error: /board/comment/4은 없는 페이지 입니다.\n    at D:\\study\\express\\board\\app.js:69:16\n    at Layer.handle [as handle_request] (D:\\study\\express\\board\\node_modules\\express\\lib\\router\\layer.js:95:5)\n    at trim_prefix (D:\\study\\express\\board\\node_modules\\express\\lib\\router\\index.js:317:13)\n    at D:\\study\\express\\board\\node_modules\\express\\lib\\router\\index.js:284:7\n    at Function.process_params (D:\\study\\express\\board\\node_modules\\express\\lib\\router\\index.js:335:12)\n    at next (D:\\study\\express\\board\\node_modules\\express\\lib\\router\\index.js:275:10)\n    at D:\\study\\express\\board\\node_modules\\express\\lib\\router\\index.js:635:15\n    at next (D:\\study\\express\\board\\node_modules\\express\\lib\\router\\index.js:260:14)\n    at commentAuthorityCheck (D:\\study\\express\\board\\middlewares\\board.js:135:12)\n    at processTicksAndRejections (internal/process/task_queues.js:93:5)","service":"general"}
{"level":"info","message":"[14:59:09]데이터 베이스 연결 성공","service":"general"}
{"level":"info","message":"[14:59:30]데이터 베이스 연결 성공","service":"general"}
{"level":"info","message":"[14:59:56]데이터 베이스 연결 성공","service":"general"}
{"level":"info","message":"[14:59:59]데이터 베이스 연결 성공","service":"general"}
{"level":"info","message":"[15:00:15]데이터 베이스 연결 성공","service":"general"}
{"level":"info","message":"[15:00:18]데이터 베이스 연결 성공","service":"general"}
{"level":"info","message":"[15:00:20]데이터 베이스 연결 성공","service":"general"}
{"level":"info","message":"[15:00:30]데이터 베이스 연결 성공","service":"general"}
{"level":"info","message":"[15:00:32]데이터 베이스 연결 성공","service":"general"}
{"level":"info","message":"[15:00:35]데이터 베이스 연결 성공","service":"general"}
{"level":"info","message":"[15:00:40]데이터 베이스 연결 성공","service":"general"}
{"level":"info","message":"[15:01:54]데이터 베이스 연결 성공","service":"general"}
{"level":"info","message":"[15:02:09]데이터 베이스 연결 성공","service":"general"}
{"level":"info","message":"[15:03:18]데이터 베이스 연결 성공","service":"general"}
{"level":"info","message":"[15:03:29]데이터 베이스 연결 성공","service":"general"}
{"level":"info","message":"[15:04:31]데이터 베이스 연결 성공","service":"general"}
{"level":"info","message":"[15:06:15]데이터 베이스 연결 성공","service":"general"}
{"level":"info","message":"[15:06:34]데이터 베이스 연결 성공","service":"general"}
{"level":"info","message":"[15:07:16]데이터 베이스 연결 성공","service":"general"}
{"level":"info","message":"[15:08:03]데이터 베이스 연결 성공","service":"general"}
{"level":"info","message":"[15:08:48]데이터 베이스 연결 성공","service":"general"}
{"level":"error","message":"[15:10:36][404]/board/comment/5은 없는 페이지 입니다.","service":"general"}
{"level":"error","message":"[15:10:36]Error: /board/comment/5은 없는 페이지 입니다.\n    at D:\\study\\express\\board\\app.js:69:16\n    at Layer.handle [as handle_request] (D:\\study\\express\\board\\node_modules\\express\\lib\\router\\layer.js:95:5)\n    at trim_prefix (D:\\study\\express\\board\\node_modules\\express\\lib\\router\\index.js:317:13)\n    at D:\\study\\express\\board\\node_modules\\express\\lib\\router\\index.js:284:7\n    at Function.process_params (D:\\study\\express\\board\\node_modules\\express\\lib\\router\\index.js:335:12)\n    at next (D:\\study\\express\\board\\node_modules\\express\\lib\\router\\index.js:275:10)\n    at D:\\study\\express\\board\\node_modules\\express\\lib\\router\\index.js:635:15\n    at next (D:\\study\\express\\board\\node_modules\\express\\lib\\router\\index.js:260:14)\n    at commentAuthorityCheck (D:\\study\\express\\board\\middlewares\\board.js:138:12)\n    at processTicksAndRejections (internal/process/task_queues.js:93:5)","service":"general"}
{"level":"info","message":"[15:11:17]데이터 베이스 연결 성공","service":"general"}
{"level":"info","message":"[15:11:22]데이터 베이스 연결 성공","service":"general"}
{"level":"info","message":"[15:11:35]데이터 베이스 연결 성공","service":"general"}
{"level":"info","message":"[15:22:46]데이터 베이스 연결 성공","service":"general"}
{"level":"error","message":"[15:31:34][500](D:\\study\\express\\board\\views\\board\\view.html) [Line 11, Column 2]\n  expected block end in if statement","service":"general"}
{"level":"error","message":"[15:31:34]Template render error: (D:\\study\\express\\board\\views\\board\\view.html) [Line 11, Column 2]\n  expected block end in if statement\n    at Object._prettifyError (D:\\study\\express\\board\\node_modules\\nunjucks\\src\\lib.js:36:11)\n    at Template.render (D:\\study\\express\\board\\node_modules\\nunjucks\\src\\environment.js:538:21)\n    at D:\\study\\express\\board\\node_modules\\nunjucks\\src\\environment.js:366:27\n    at createTemplate (D:\\study\\express\\board\\node_modules\\nunjucks\\src\\environment.js:315:9)\n    at handle (D:\\study\\express\\board\\node_modules\\nunjucks\\src\\environment.js:327:11)\n    at D:\\study\\express\\board\\node_modules\\nunjucks\\src\\environment.js:339:9\n    at next (D:\\study\\express\\board\\node_modules\\nunjucks\\src\\lib.js:328:7)\n    at Object.asyncIter (D:\\study\\express\\board\\node_modules\\nunjucks\\src\\lib.js:334:3)\n    at Environment.getTemplate (D:\\study\\express\\board\\node_modules\\nunjucks\\src\\environment.js:321:9)\n    at Environment.render (D:\\study\\express\\board\\node_modules\\nunjucks\\src\\environment.js:360:10)","service":"general"}
{"level":"info","message":"[15:38:41]데이터 베이스 연결 성공","service":"general"}
{"level":"info","message":"[15:39:33]데이터 베이스 연결 성공","service":"general"}
{"level":"info","message":"[15:40:11]데이터 베이스 연결 성공","service":"general"}
{"level":"info","message":"[15:40:27]데이터 베이스 연결 성공","service":"general"}
{"level":"info","message":"[15:41:14]데이터 베이스 연결 성공","service":"general"}
{"level":"info","message":"[15:43:59]데이터 베이스 연결 성공","service":"general"}
{"level":"info","message":"[15:44:22]데이터 베이스 연결 성공","service":"general"}
{"level":"info","message":"[15:45:38]데이터 베이스 연결 성공","service":"general"}
{"level":"info","message":"[15:45:42]데이터 베이스 연결 성공","service":"general"}
{"level":"info","message":"[15:46:48]데이터 베이스 연결 성공","service":"general"}
{"level":"info","message":"[15:47:29]데이터 베이스 연결 성공","service":"general"}
{"level":"info","message":"[15:49:39]데이터 베이스 연결 성공","service":"general"}
{"level":"info","message":"[15:50:12]데이터 베이스 연결 성공","service":"general"}
{"level":"info","message":"[15:50:36]데이터 베이스 연결 성공","service":"general"}
{"level":"info","message":"[15:53:25]데이터 베이스 연결 성공","service":"general"}
{"level":"error","message":"[15:53:31][404]/favicon.ico은 없는 페이지 입니다.","service":"general"}
{"level":"error","message":"[15:53:31]Error: /favicon.ico은 없는 페이지 입니다.\n    at D:\\HJ\\node.js\\게시판\\board\\app.js:69:16\n    at Layer.handle [as handle_request] (D:\\HJ\\node.js\\게시판\\board\\node_modules\\express\\lib\\router\\layer.js:95:5)\n    at trim_prefix (D:\\HJ\\node.js\\게시판\\board\\node_modules\\express\\lib\\router\\index.js:317:13)\n    at D:\\HJ\\node.js\\게시판\\board\\node_modules\\express\\lib\\router\\index.js:284:7\n    at Function.process_params (D:\\HJ\\node.js\\게시판\\board\\node_modules\\express\\lib\\router\\index.js:335:12)\n    at next (D:\\HJ\\node.js\\게시판\\board\\node_modules\\express\\lib\\router\\index.js:275:10)\n    at D:\\HJ\\node.js\\게시판\\board\\node_modules\\express\\lib\\router\\index.js:635:15\n    at next (D:\\HJ\\node.js\\게시판\\board\\node_modules\\express\\lib\\router\\index.js:260:14)\n    at Function.handle (D:\\HJ\\node.js\\게시판\\board\\node_modules\\express\\lib\\router\\index.js:174:3)\n    at router (D:\\HJ\\node.js\\게시판\\board\\node_modules\\express\\lib\\router\\index.js:47:12)","service":"general"}
{"level":"error","message":"[15:53:50][404]/write은 없는 페이지 입니다.","service":"general"}
{"level":"error","message":"[15:53:50]Error: /write은 없는 페이지 입니다.\n    at D:\\HJ\\node.js\\게시판\\board\\app.js:69:16\n    at Layer.handle [as handle_request] (D:\\HJ\\node.js\\게시판\\board\\node_modules\\express\\lib\\router\\layer.js:95:5)\n    at trim_prefix (D:\\HJ\\node.js\\게시판\\board\\node_modules\\express\\lib\\router\\index.js:317:13)\n    at D:\\HJ\\node.js\\게시판\\board\\node_modules\\express\\lib\\router\\index.js:284:7\n    at Function.process_params (D:\\HJ\\node.js\\게시판\\board\\node_modules\\express\\lib\\router\\index.js:335:12)\n    at next (D:\\HJ\\node.js\\게시판\\board\\node_modules\\express\\lib\\router\\index.js:275:10)\n    at D:\\HJ\\node.js\\게시판\\board\\node_modules\\express\\lib\\router\\index.js:635:15\n    at next (D:\\HJ\\node.js\\게시판\\board\\node_modules\\express\\lib\\router\\index.js:260:14)\n    at Function.handle (D:\\HJ\\node.js\\게시판\\board\\node_modules\\express\\lib\\router\\index.js:174:3)\n    at router (D:\\HJ\\node.js\\게시판\\board\\node_modules\\express\\lib\\router\\index.js:47:12)","service":"general"}
{"level":"error","message":"[15:54:07][404]/board/list은 없는 페이지 입니다.","service":"general"}
{"level":"error","message":"[15:54:07]Error: /board/list은 없는 페이지 입니다.\n    at D:\\HJ\\node.js\\게시판\\board\\app.js:69:16\n    at Layer.handle [as handle_request] (D:\\HJ\\node.js\\게시판\\board\\node_modules\\express\\lib\\router\\layer.js:95:5)\n    at trim_prefix (D:\\HJ\\node.js\\게시판\\board\\node_modules\\express\\lib\\router\\index.js:317:13)\n    at D:\\HJ\\node.js\\게시판\\board\\node_modules\\express\\lib\\router\\index.js:284:7\n    at Function.process_params (D:\\HJ\\node.js\\게시판\\board\\node_modules\\express\\lib\\router\\index.js:335:12)\n    at next (D:\\HJ\\node.js\\게시판\\board\\node_modules\\express\\lib\\router\\index.js:275:10)\n    at D:\\HJ\\node.js\\게시판\\board\\node_modules\\express\\lib\\router\\index.js:635:15\n    at next (D:\\HJ\\node.js\\게시판\\board\\node_modules\\express\\lib\\router\\index.js:260:14)\n    at D:\\HJ\\node.js\\게시판\\board\\routes\\board\\index.js:24:2\n    at Layer.handle [as handle_request] (D:\\HJ\\node.js\\게시판\\board\\node_modules\\express\\lib\\router\\layer.js:95:5)","service":"general"}
{"level":"error","message":"[15:54:10][404]/board은 없는 페이지 입니다.","service":"general"}
{"level":"error","message":"[15:54:10]Error: /board은 없는 페이지 입니다.\n    at D:\\HJ\\node.js\\게시판\\board\\app.js:69:16\n    at Layer.handle [as handle_request] (D:\\HJ\\node.js\\게시판\\board\\node_modules\\express\\lib\\router\\layer.js:95:5)\n    at trim_prefix (D:\\HJ\\node.js\\게시판\\board\\node_modules\\express\\lib\\router\\index.js:317:13)\n    at D:\\HJ\\node.js\\게시판\\board\\node_modules\\express\\lib\\router\\index.js:284:7\n    at Function.process_params (D:\\HJ\\node.js\\게시판\\board\\node_modules\\express\\lib\\router\\index.js:335:12)\n    at next (D:\\HJ\\node.js\\게시판\\board\\node_modules\\express\\lib\\router\\index.js:275:10)\n    at D:\\HJ\\node.js\\게시판\\board\\node_modules\\express\\lib\\router\\index.js:635:15\n    at next (D:\\HJ\\node.js\\게시판\\board\\node_modules\\express\\lib\\router\\index.js:260:14)\n    at D:\\HJ\\node.js\\게시판\\board\\routes\\board\\index.js:24:2\n    at Layer.handle [as handle_request] (D:\\HJ\\node.js\\게시판\\board\\node_modules\\express\\lib\\router\\layer.js:95:5)","service":"general"}
{"level":"info","message":"[15:55:36]데이터 베이스 연결 성공","service":"general"}
{"level":"info","message":"[15:56:14]데이터 베이스 연결 성공","service":"general"}
{"level":"info","message":"[15:56:23]데이터 베이스 연결 성공","service":"general"}
{"level":"info","message":"[15:56:24]데이터 베이스 연결 성공","service":"general"}
{"level":"info","message":"[15:56:34]데이터 베이스 연결 성공","service":"general"}
{"level":"info","message":"[15:56:49]데이터 베이스 연결 성공","service":"general"}
{"level":"info","message":"[16:02:12]데이터 베이스 연결 성공","service":"general"}
{"level":"error","message":"[16:03:00]Cannot read property 'skin' of undefined","service":"general"}
{"level":"error","message":"[16:03:00]TypeError: Cannot read property 'skin' of undefined\n    at Object.getBoard (D:\\HJ\\node.js\\게시판\\board\\models\\board.js:79:21)\n    at processTicksAndRejections (internal/process/task_queues.js:93:5)\n    at async Object.getList (D:\\HJ\\node.js\\게시판\\board\\models\\board.js:286:17)\n    at async D:\\HJ\\node.js\\게시판\\board\\routes\\board\\index.js:34:15","service":"general"}
{"level":"error","message":"[16:03:00]게시판이 없습니다.","service":"general"}
{"level":"error","message":"[16:03:00]Error: 게시판이 없습니다.\n    at Object.getList (D:\\HJ\\node.js\\게시판\\board\\models\\board.js:288:11)\n    at processTicksAndRejections (internal/process/task_queues.js:93:5)\n    at async D:\\HJ\\node.js\\게시판\\board\\routes\\board\\index.js:34:15","service":"general"}
{"level":"error","message":"[16:03:08][404]/board.list은 없는 페이지 입니다.","service":"general"}
{"level":"error","message":"[16:03:08]Error: /board.list은 없는 페이지 입니다.\n    at D:\\HJ\\node.js\\게시판\\board\\app.js:69:16\n    at Layer.handle [as handle_request] (D:\\HJ\\node.js\\게시판\\board\\node_modules\\express\\lib\\router\\layer.js:95:5)\n    at trim_prefix (D:\\HJ\\node.js\\게시판\\board\\node_modules\\express\\lib\\router\\index.js:317:13)\n    at D:\\HJ\\node.js\\게시판\\board\\node_modules\\express\\lib\\router\\index.js:284:7\n    at Function.process_params (D:\\HJ\\node.js\\게시판\\board\\node_modules\\express\\lib\\router\\index.js:335:12)\n    at next (D:\\HJ\\node.js\\게시판\\board\\node_modules\\express\\lib\\router\\index.js:275:10)\n    at D:\\HJ\\node.js\\게시판\\board\\node_modules\\express\\lib\\router\\index.js:635:15\n    at next (D:\\HJ\\node.js\\게시판\\board\\node_modules\\express\\lib\\router\\index.js:260:14)\n    at Function.handle (D:\\HJ\\node.js\\게시판\\board\\node_modules\\express\\lib\\router\\index.js:174:3)\n    at router (D:\\HJ\\node.js\\게시판\\board\\node_modules\\express\\lib\\router\\index.js:47:12)","service":"general"}
{"level":"error","message":"[16:03:14][404]/board/list은 없는 페이지 입니다.","service":"general"}
{"level":"error","message":"[16:03:14]Error: /board/list은 없는 페이지 입니다.\n    at D:\\HJ\\node.js\\게시판\\board\\app.js:69:16\n    at Layer.handle [as handle_request] (D:\\HJ\\node.js\\게시판\\board\\node_modules\\express\\lib\\router\\layer.js:95:5)\n    at trim_prefix (D:\\HJ\\node.js\\게시판\\board\\node_modules\\express\\lib\\router\\index.js:317:13)\n    at D:\\HJ\\node.js\\게시판\\board\\node_modules\\express\\lib\\router\\index.js:284:7\n    at Function.process_params (D:\\HJ\\node.js\\게시판\\board\\node_modules\\express\\lib\\router\\index.js:335:12)\n    at next (D:\\HJ\\node.js\\게시판\\board\\node_modules\\express\\lib\\router\\index.js:275:10)\n    at D:\\HJ\\node.js\\게시판\\board\\node_modules\\express\\lib\\router\\index.js:635:15\n    at next (D:\\HJ\\node.js\\게시판\\board\\node_modules\\express\\lib\\router\\index.js:260:14)\n    at D:\\HJ\\node.js\\게시판\\board\\routes\\board\\index.js:24:2\n    at Layer.handle [as handle_request] (D:\\HJ\\node.js\\게시판\\board\\node_modules\\express\\lib\\router\\layer.js:95:5)","service":"general"}
{"level":"error","message":"[16:03:19]TypeError: Cannot read property 'skin' of undefined\n    at Object.getBoard (D:\\HJ\\node.js\\게시판\\board\\models\\board.js:79:21)\n    at processTicksAndRejections (internal/process/task_queues.js:93:5)\n    at async Object.getList (D:\\HJ\\node.js\\게시판\\board\\models\\board.js:286:17)\n    at async D:\\HJ\\node.js\\게시판\\board\\routes\\board\\index.js:34:15","service":"general"}
{"level":"error","message":"[16:03:19]Error: 게시판이 없습니다.\n    at Object.getList (D:\\HJ\\node.js\\게시판\\board\\models\\board.js:288:11)\n    at processTicksAndRejections (internal/process/task_queues.js:93:5)\n    at async D:\\HJ\\node.js\\게시판\\board\\routes\\board\\index.js:34:15","service":"general"}
{"level":"error","message":"[16:03:19]Cannot read property 'skin' of undefined","service":"general"}
{"level":"error","message":"[16:03:19]게시판이 없습니다.","service":"general"}
{"level":"error","message":"[16:04:22][404]/admin/member은 없는 페이지 입니다.","service":"general"}
{"level":"error","message":"[16:04:22]Error: /admin/member은 없는 페이지 입니다.\n    at D:\\HJ\\node.js\\게시판\\board\\app.js:69:16\n    at Layer.handle [as handle_request] (D:\\HJ\\node.js\\게시판\\board\\node_modules\\express\\lib\\router\\layer.js:95:5)\n    at trim_prefix (D:\\HJ\\node.js\\게시판\\board\\node_modules\\express\\lib\\router\\index.js:317:13)\n    at D:\\HJ\\node.js\\게시판\\board\\node_modules\\express\\lib\\router\\index.js:284:7\n    at Function.process_params (D:\\HJ\\node.js\\게시판\\board\\node_modules\\express\\lib\\router\\index.js:335:12)\n    at next (D:\\HJ\\node.js\\게시판\\board\\node_modules\\express\\lib\\router\\index.js:275:10)\n    at D:\\HJ\\node.js\\게시판\\board\\node_modules\\express\\lib\\router\\index.js:635:15\n    at next (D:\\HJ\\node.js\\게시판\\board\\node_modules\\express\\lib\\router\\index.js:260:14)\n    at Function.handle (D:\\HJ\\node.js\\게시판\\board\\node_modules\\express\\lib\\router\\index.js:174:3)\n    at router (D:\\HJ\\node.js\\게시판\\board\\node_modules\\express\\lib\\router\\index.js:47:12)","service":"general"}
{"level":"error","message":"[16:04:39]Cannot read property 'skin' of undefined","service":"general"}
{"level":"error","message":"[16:04:39]TypeError: Cannot read property 'skin' of undefined\n    at Object.getBoard (D:\\HJ\\node.js\\게시판\\board\\models\\board.js:79:21)\n    at processTicksAndRejections (internal/process/task_queues.js:93:5)\n    at async D:\\HJ\\node.js\\게시판\\board\\routes\\admin\\index.js:51:16","service":"general"}
{"level":"error","message":"[16:05:34]Named parameter \":boardNm\" has no value in the given object.","service":"general"}
{"level":"error","message":"[16:05:34]Error: Named parameter \":boardNm\" has no value in the given object.\n    at D:\\HJ\\node.js\\게시판\\board\\node_modules\\sequelize\\lib\\sql-string.js:121:11\n    at String.replace (<anonymous>)\n    at Object.formatNamedParameters (D:\\HJ\\node.js\\게시판\\board\\node_modules\\sequelize\\lib\\sql-string.js:113:14)\n    at Object.formatNamedParameters (D:\\HJ\\node.js\\게시판\\board\\node_modules\\sequelize\\lib\\utils.js:126:20)\n    at Sequelize.query (D:\\HJ\\node.js\\게시판\\board\\node_modules\\sequelize\\lib\\sequelize.js:586:21)\n    at Object.create (D:\\HJ\\node.js\\게시판\\board\\models\\board.js:30:20)\n    at D:\\HJ\\node.js\\게시판\\board\\routes\\admin\\index.js:31:30\n    at Layer.handle [as handle_request] (D:\\HJ\\node.js\\게시판\\board\\node_modules\\express\\lib\\router\\layer.js:95:5)\n    at next (D:\\HJ\\node.js\\게시판\\board\\node_modules\\express\\lib\\router\\route.js:137:13)\n    at next (D:\\HJ\\node.js\\게시판\\board\\node_modules\\express\\lib\\router\\route.js:131:14)","service":"general"}
{"level":"error","message":"[16:05:38]Named parameter \":boardNm\" has no value in the given object.","service":"general"}
{"level":"error","message":"[16:05:38]Error: Named parameter \":boardNm\" has no value in the given object.\n    at D:\\HJ\\node.js\\게시판\\board\\node_modules\\sequelize\\lib\\sql-string.js:121:11\n    at String.replace (<anonymous>)\n    at Object.formatNamedParameters (D:\\HJ\\node.js\\게시판\\board\\node_modules\\sequelize\\lib\\sql-string.js:113:14)\n    at Object.formatNamedParameters (D:\\HJ\\node.js\\게시판\\board\\node_modules\\sequelize\\lib\\utils.js:126:20)\n    at Sequelize.query (D:\\HJ\\node.js\\게시판\\board\\node_modules\\sequelize\\lib\\sequelize.js:586:21)\n    at Object.create (D:\\HJ\\node.js\\게시판\\board\\models\\board.js:30:20)\n    at D:\\HJ\\node.js\\게시판\\board\\routes\\admin\\index.js:31:30\n    at Layer.handle [as handle_request] (D:\\HJ\\node.js\\게시판\\board\\node_modules\\express\\lib\\router\\layer.js:95:5)\n    at next (D:\\HJ\\node.js\\게시판\\board\\node_modules\\express\\lib\\router\\route.js:137:13)\n    at next (D:\\HJ\\node.js\\게시판\\board\\node_modules\\express\\lib\\router\\route.js:131:14)","service":"general"}
{"level":"error","message":"[16:06:04]Cannot read property 'skin' of undefined","service":"general"}
{"level":"error","message":"[16:06:04]TypeError: Cannot read property 'skin' of undefined\n    at Object.getBoard (D:\\HJ\\node.js\\게시판\\board\\models\\board.js:79:21)\n    at processTicksAndRejections (internal/process/task_queues.js:93:5)\n    at async Object.getList (D:\\HJ\\node.js\\게시판\\board\\models\\board.js:286:17)\n    at async D:\\HJ\\node.js\\게시판\\board\\routes\\board\\index.js:34:15","service":"general"}
{"level":"error","message":"[16:06:04]게시판이 없습니다.","service":"general"}
{"level":"error","message":"[16:06:04]Error: 게시판이 없습니다.\n    at Object.getList (D:\\HJ\\node.js\\게시판\\board\\models\\board.js:288:11)\n    at processTicksAndRejections (internal/process/task_queues.js:93:5)\n    at async D:\\HJ\\node.js\\게시판\\board\\routes\\board\\index.js:34:15","service":"general"}
{"level":"error","message":"[16:06:39]Named parameter \":boardNm\" has no value in the given object.","service":"general"}
{"level":"error","message":"[16:06:39]Error: Named parameter \":boardNm\" has no value in the given object.\n    at D:\\HJ\\node.js\\게시판\\board\\node_modules\\sequelize\\lib\\sql-string.js:121:11\n    at String.replace (<anonymous>)\n    at Object.formatNamedParameters (D:\\HJ\\node.js\\게시판\\board\\node_modules\\sequelize\\lib\\sql-string.js:113:14)\n    at Object.formatNamedParameters (D:\\HJ\\node.js\\게시판\\board\\node_modules\\sequelize\\lib\\utils.js:126:20)\n    at Sequelize.query (D:\\HJ\\node.js\\게시판\\board\\node_modules\\sequelize\\lib\\sequelize.js:586:21)\n    at Object.create (D:\\HJ\\node.js\\게시판\\board\\models\\board.js:30:20)\n    at D:\\HJ\\node.js\\게시판\\board\\routes\\admin\\index.js:31:30\n    at Layer.handle [as handle_request] (D:\\HJ\\node.js\\게시판\\board\\node_modules\\express\\lib\\router\\layer.js:95:5)\n    at next (D:\\HJ\\node.js\\게시판\\board\\node_modules\\express\\lib\\router\\route.js:137:13)\n    at next (D:\\HJ\\node.js\\게시판\\board\\node_modules\\express\\lib\\router\\route.js:131:14)","service":"general"}
{"level":"error","message":"[16:07:14][404]/admin/member은 없는 페이지 입니다.","service":"general"}
{"level":"error","message":"[16:07:14]Error: /admin/member은 없는 페이지 입니다.\n    at D:\\HJ\\node.js\\게시판\\board\\app.js:69:16\n    at Layer.handle [as handle_request] (D:\\HJ\\node.js\\게시판\\board\\node_modules\\express\\lib\\router\\layer.js:95:5)\n    at trim_prefix (D:\\HJ\\node.js\\게시판\\board\\node_modules\\express\\lib\\router\\index.js:317:13)\n    at D:\\HJ\\node.js\\게시판\\board\\node_modules\\express\\lib\\router\\index.js:284:7\n    at Function.process_params (D:\\HJ\\node.js\\게시판\\board\\node_modules\\express\\lib\\router\\index.js:335:12)\n    at next (D:\\HJ\\node.js\\게시판\\board\\node_modules\\express\\lib\\router\\index.js:275:10)\n    at D:\\HJ\\node.js\\게시판\\board\\node_modules\\express\\lib\\router\\index.js:635:15\n    at next (D:\\HJ\\node.js\\게시판\\board\\node_modules\\express\\lib\\router\\index.js:260:14)\n    at Function.handle (D:\\HJ\\node.js\\게시판\\board\\node_modules\\express\\lib\\router\\index.js:174:3)\n    at router (D:\\HJ\\node.js\\게시판\\board\\node_modules\\express\\lib\\router\\index.js:47:12)","service":"general"}
{"level":"error","message":"[16:08:10][404]/mypage은 없는 페이지 입니다.","service":"general"}
{"level":"error","message":"[16:08:10]Error: /mypage은 없는 페이지 입니다.\n    at D:\\HJ\\node.js\\게시판\\board\\app.js:69:16\n    at Layer.handle [as handle_request] (D:\\HJ\\node.js\\게시판\\board\\node_modules\\express\\lib\\router\\layer.js:95:5)\n    at trim_prefix (D:\\HJ\\node.js\\게시판\\board\\node_modules\\express\\lib\\router\\index.js:317:13)\n    at D:\\HJ\\node.js\\게시판\\board\\node_modules\\express\\lib\\router\\index.js:284:7\n    at Function.process_params (D:\\HJ\\node.js\\게시판\\board\\node_modules\\express\\lib\\router\\index.js:335:12)\n    at next (D:\\HJ\\node.js\\게시판\\board\\node_modules\\express\\lib\\router\\index.js:275:10)\n    at D:\\HJ\\node.js\\게시판\\board\\node_modules\\express\\lib\\router\\index.js:635:15\n    at next (D:\\HJ\\node.js\\게시판\\board\\node_modules\\express\\lib\\router\\index.js:260:14)\n    at Function.handle (D:\\HJ\\node.js\\게시판\\board\\node_modules\\express\\lib\\router\\index.js:174:3)\n    at router (D:\\HJ\\node.js\\게시판\\board\\node_modules\\express\\lib\\router\\index.js:47:12)","service":"general"}
{"level":"error","message":"[16:08:23]Named parameter \":boardNm\" has no value in the given object.","service":"general"}
{"level":"error","message":"[16:08:23]Error: Named parameter \":boardNm\" has no value in the given object.\n    at D:\\HJ\\node.js\\게시판\\board\\node_modules\\sequelize\\lib\\sql-string.js:121:11\n    at String.replace (<anonymous>)\n    at Object.formatNamedParameters (D:\\HJ\\node.js\\게시판\\board\\node_modules\\sequelize\\lib\\sql-string.js:113:14)\n    at Object.formatNamedParameters (D:\\HJ\\node.js\\게시판\\board\\node_modules\\sequelize\\lib\\utils.js:126:20)\n    at Sequelize.query (D:\\HJ\\node.js\\게시판\\board\\node_modules\\sequelize\\lib\\sequelize.js:586:21)\n    at Object.create (D:\\HJ\\node.js\\게시판\\board\\models\\board.js:30:20)\n    at D:\\HJ\\node.js\\게시판\\board\\routes\\admin\\index.js:31:30\n    at Layer.handle [as handle_request] (D:\\HJ\\node.js\\게시판\\board\\node_modules\\express\\lib\\router\\layer.js:95:5)\n    at next (D:\\HJ\\node.js\\게시판\\board\\node_modules\\express\\lib\\router\\route.js:137:13)\n    at next (D:\\HJ\\node.js\\게시판\\board\\node_modules\\express\\lib\\router\\route.js:131:14)","service":"general"}
{"level":"error","message":"[16:09:42][404]/admin/qna은 없는 페이지 입니다.","service":"general"}
{"level":"error","message":"[16:09:42]Error: /admin/qna은 없는 페이지 입니다.\n    at D:\\HJ\\node.js\\게시판\\board\\app.js:69:16\n    at Layer.handle [as handle_request] (D:\\HJ\\node.js\\게시판\\board\\node_modules\\express\\lib\\router\\layer.js:95:5)\n    at trim_prefix (D:\\HJ\\node.js\\게시판\\board\\node_modules\\express\\lib\\router\\index.js:317:13)\n    at D:\\HJ\\node.js\\게시판\\board\\node_modules\\express\\lib\\router\\index.js:284:7\n    at Function.process_params (D:\\HJ\\node.js\\게시판\\board\\node_modules\\express\\lib\\router\\index.js:335:12)\n    at next (D:\\HJ\\node.js\\게시판\\board\\node_modules\\express\\lib\\router\\index.js:275:10)\n    at D:\\HJ\\node.js\\게시판\\board\\node_modules\\express\\lib\\router\\index.js:635:15\n    at next (D:\\HJ\\node.js\\게시판\\board\\node_modules\\express\\lib\\router\\index.js:260:14)\n    at Function.handle (D:\\HJ\\node.js\\게시판\\board\\node_modules\\express\\lib\\router\\index.js:174:3)\n    at router (D:\\HJ\\node.js\\게시판\\board\\node_modules\\express\\lib\\router\\index.js:47:12)","service":"general"}
{"level":"error","message":"[16:09:46][404]/admin/list은 없는 페이지 입니다.","service":"general"}
{"level":"error","message":"[16:09:46]Error: /admin/list은 없는 페이지 입니다.\n    at D:\\HJ\\node.js\\게시판\\board\\app.js:69:16\n    at Layer.handle [as handle_request] (D:\\HJ\\node.js\\게시판\\board\\node_modules\\express\\lib\\router\\layer.js:95:5)\n    at trim_prefix (D:\\HJ\\node.js\\게시판\\board\\node_modules\\express\\lib\\router\\index.js:317:13)\n    at D:\\HJ\\node.js\\게시판\\board\\node_modules\\express\\lib\\router\\index.js:284:7\n    at Function.process_params (D:\\HJ\\node.js\\게시판\\board\\node_modules\\express\\lib\\router\\index.js:335:12)\n    at next (D:\\HJ\\node.js\\게시판\\board\\node_modules\\express\\lib\\router\\index.js:275:10)\n    at D:\\HJ\\node.js\\게시판\\board\\node_modules\\express\\lib\\router\\index.js:635:15\n    at next (D:\\HJ\\node.js\\게시판\\board\\node_modules\\express\\lib\\router\\index.js:260:14)\n    at Function.handle (D:\\HJ\\node.js\\게시판\\board\\node_modules\\express\\lib\\router\\index.js:174:3)\n    at router (D:\\HJ\\node.js\\게시판\\board\\node_modules\\express\\lib\\router\\index.js:47:12)","service":"general"}
{"level":"error","message":"[16:09:57]Named parameter \":boardNm\" has no value in the given object.","service":"general"}
{"level":"error","message":"[16:09:57]Error: Named parameter \":boardNm\" has no value in the given object.\n    at D:\\HJ\\node.js\\게시판\\board\\node_modules\\sequelize\\lib\\sql-string.js:121:11\n    at String.replace (<anonymous>)\n    at Object.formatNamedParameters (D:\\HJ\\node.js\\게시판\\board\\node_modules\\sequelize\\lib\\sql-string.js:113:14)\n    at Object.formatNamedParameters (D:\\HJ\\node.js\\게시판\\board\\node_modules\\sequelize\\lib\\utils.js:126:20)\n    at Sequelize.query (D:\\HJ\\node.js\\게시판\\board\\node_modules\\sequelize\\lib\\sequelize.js:586:21)\n    at Object.create (D:\\HJ\\node.js\\게시판\\board\\models\\board.js:30:20)\n    at D:\\HJ\\node.js\\게시판\\board\\routes\\admin\\index.js:31:30\n    at Layer.handle [as handle_request] (D:\\HJ\\node.js\\게시판\\board\\node_modules\\express\\lib\\router\\layer.js:95:5)\n    at next (D:\\HJ\\node.js\\게시판\\board\\node_modules\\express\\lib\\router\\route.js:137:13)\n    at next (D:\\HJ\\node.js\\게시판\\board\\node_modules\\express\\lib\\router\\route.js:131:14)","service":"general"}
{"level":"error","message":"[16:10:01]Named parameter \":boardNm\" has no value in the given object.","service":"general"}
{"level":"error","message":"[16:10:01]Error: Named parameter \":boardNm\" has no value in the given object.\n    at D:\\HJ\\node.js\\게시판\\board\\node_modules\\sequelize\\lib\\sql-string.js:121:11\n    at String.replace (<anonymous>)\n    at Object.formatNamedParameters (D:\\HJ\\node.js\\게시판\\board\\node_modules\\sequelize\\lib\\sql-string.js:113:14)\n    at Object.formatNamedParameters (D:\\HJ\\node.js\\게시판\\board\\node_modules\\sequelize\\lib\\utils.js:126:20)\n    at Sequelize.query (D:\\HJ\\node.js\\게시판\\board\\node_modules\\sequelize\\lib\\sequelize.js:586:21)\n    at Object.create (D:\\HJ\\node.js\\게시판\\board\\models\\board.js:30:20)\n    at D:\\HJ\\node.js\\게시판\\board\\routes\\admin\\index.js:31:30\n    at Layer.handle [as handle_request] (D:\\HJ\\node.js\\게시판\\board\\node_modules\\express\\lib\\router\\layer.js:95:5)\n    at next (D:\\HJ\\node.js\\게시판\\board\\node_modules\\express\\lib\\router\\route.js:137:13)\n    at next (D:\\HJ\\node.js\\게시판\\board\\node_modules\\express\\lib\\router\\route.js:131:14)","service":"general"}
{"level":"error","message":"[16:10:24]Unknown column 'password' in 'field list'","service":"general"}
{"level":"error","message":"[16:10:24]SequelizeDatabaseError: Unknown column 'password' in 'field list'\n    at Query.formatError (D:\\HJ\\node.js\\게시판\\board\\node_modules\\sequelize\\lib\\dialects\\mysql\\query.js:265:16)\n    at Query.run (D:\\HJ\\node.js\\게시판\\board\\node_modules\\sequelize\\lib\\dialects\\mysql\\query.js:77:18)\n    at runMicrotasks (<anonymous>)\n    at processTicksAndRejections (internal/process/task_queues.js:93:5)\n    at async D:\\HJ\\node.js\\게시판\\board\\node_modules\\sequelize\\lib\\sequelize.js:619:16\n    at async Object.write (D:\\HJ\\node.js\\게시판\\board\\models\\board.js:169:19)\n    at async D:\\HJ\\node.js\\게시판\\board\\routes\\board\\index.js:67:16","service":"general"}
{"level":"error","message":"[16:10:28]Unknown column 'password' in 'field list'","service":"general"}
{"level":"error","message":"[16:10:28]SequelizeDatabaseError: Unknown column 'password' in 'field list'\n    at Query.formatError (D:\\HJ\\node.js\\게시판\\board\\node_modules\\sequelize\\lib\\dialects\\mysql\\query.js:265:16)\n    at Query.run (D:\\HJ\\node.js\\게시판\\board\\node_modules\\sequelize\\lib\\dialects\\mysql\\query.js:77:18)\n    at runMicrotasks (<anonymous>)\n    at processTicksAndRejections (internal/process/task_queues.js:93:5)\n    at async D:\\HJ\\node.js\\게시판\\board\\node_modules\\sequelize\\lib\\sequelize.js:619:16\n    at async Object.write (D:\\HJ\\node.js\\게시판\\board\\models\\board.js:169:19)\n    at async D:\\HJ\\node.js\\게시판\\board\\routes\\board\\index.js:67:16","service":"general"}
{"level":"error","message":"[16:10:35][404]/mypage은 없는 페이지 입니다.","service":"general"}
{"level":"error","message":"[16:10:35]Error: /mypage은 없는 페이지 입니다.\n    at D:\\HJ\\node.js\\게시판\\board\\app.js:69:16\n    at Layer.handle [as handle_request] (D:\\HJ\\node.js\\게시판\\board\\node_modules\\express\\lib\\router\\layer.js:95:5)\n    at trim_prefix (D:\\HJ\\node.js\\게시판\\board\\node_modules\\express\\lib\\router\\index.js:317:13)\n    at D:\\HJ\\node.js\\게시판\\board\\node_modules\\express\\lib\\router\\index.js:284:7\n    at Function.process_params (D:\\HJ\\node.js\\게시판\\board\\node_modules\\express\\lib\\router\\index.js:335:12)\n    at next (D:\\HJ\\node.js\\게시판\\board\\node_modules\\express\\lib\\router\\index.js:275:10)\n    at D:\\HJ\\node.js\\게시판\\board\\node_modules\\express\\lib\\router\\index.js:635:15\n    at next (D:\\HJ\\node.js\\게시판\\board\\node_modules\\express\\lib\\router\\index.js:260:14)\n    at Function.handle (D:\\HJ\\node.js\\게시판\\board\\node_modules\\express\\lib\\router\\index.js:174:3)\n    at router (D:\\HJ\\node.js\\게시판\\board\\node_modules\\express\\lib\\router\\index.js:47:12)","service":"general"}
{"level":"error","message":"[16:12:48]Unknown column 'password' in 'field list'","service":"general"}
{"level":"error","message":"[16:12:48]SequelizeDatabaseError: Unknown column 'password' in 'field list'\n    at Query.formatError (D:\\HJ\\node.js\\게시판\\board\\node_modules\\sequelize\\lib\\dialects\\mysql\\query.js:265:16)\n    at Query.run (D:\\HJ\\node.js\\게시판\\board\\node_modules\\sequelize\\lib\\dialects\\mysql\\query.js:77:18)\n    at runMicrotasks (<anonymous>)\n    at processTicksAndRejections (internal/process/task_queues.js:93:5)\n    at async D:\\HJ\\node.js\\게시판\\board\\node_modules\\sequelize\\lib\\sequelize.js:619:16\n    at async Object.write (D:\\HJ\\node.js\\게시판\\board\\models\\board.js:169:19)\n    at async D:\\HJ\\node.js\\게시판\\board\\routes\\board\\index.js:67:16","service":"general"}
{"level":"error","message":"[16:13:21]Validation error","service":"general"}
{"level":"error","message":"[16:13:21]SequelizeUniqueConstraintError: Validation error\n    at Query.formatError (D:\\HJ\\node.js\\게시판\\board\\node_modules\\sequelize\\lib\\dialects\\mysql\\query.js:242:16)\n    at Query.run (D:\\HJ\\node.js\\게시판\\board\\node_modules\\sequelize\\lib\\dialects\\mysql\\query.js:77:18)\n    at runMicrotasks (<anonymous>)\n    at processTicksAndRejections (internal/process/task_queues.js:93:5)\n    at async D:\\HJ\\node.js\\게시판\\board\\node_modules\\sequelize\\lib\\sequelize.js:619:16\n    at async Object.create (D:\\HJ\\node.js\\게시판\\board\\models\\board.js:30:4)\n    at async D:\\HJ\\node.js\\게시판\\board\\routes\\admin\\index.js:31:18","service":"general"}
{"level":"error","message":"[16:13:25]Named parameter \":boardId\" has no value in the given object.","service":"general"}
{"level":"error","message":"[16:13:25]Error: Named parameter \":boardId\" has no value in the given object.\n    at D:\\HJ\\node.js\\게시판\\board\\node_modules\\sequelize\\lib\\sql-string.js:121:11\n    at String.replace (<anonymous>)\n    at Object.formatNamedParameters (D:\\HJ\\node.js\\게시판\\board\\node_modules\\sequelize\\lib\\sql-string.js:113:14)\n    at Object.formatNamedParameters (D:\\HJ\\node.js\\게시판\\board\\node_modules\\sequelize\\lib\\utils.js:126:20)\n    at Sequelize.query (D:\\HJ\\node.js\\게시판\\board\\node_modules\\sequelize\\lib\\sequelize.js:586:21)\n    at Object.create (D:\\HJ\\node.js\\게시판\\board\\models\\board.js:30:20)\n    at D:\\HJ\\node.js\\게시판\\board\\routes\\admin\\index.js:31:30\n    at Layer.handle [as handle_request] (D:\\HJ\\node.js\\게시판\\board\\node_modules\\express\\lib\\router\\layer.js:95:5)\n    at next (D:\\HJ\\node.js\\게시판\\board\\node_modules\\express\\lib\\router\\route.js:137:13)\n    at next (D:\\HJ\\node.js\\게시판\\board\\node_modules\\express\\lib\\router\\route.js:131:14)","service":"general"}
{"level":"error","message":"[16:13:30]Named parameter \":boardNm\" has no value in the given object.","service":"general"}
{"level":"error","message":"[16:13:30]Error: Named parameter \":boardNm\" has no value in the given object.\n    at D:\\HJ\\node.js\\게시판\\board\\node_modules\\sequelize\\lib\\sql-string.js:121:11\n    at String.replace (<anonymous>)\n    at Object.formatNamedParameters (D:\\HJ\\node.js\\게시판\\board\\node_modules\\sequelize\\lib\\sql-string.js:113:14)\n    at Object.formatNamedParameters (D:\\HJ\\node.js\\게시판\\board\\node_modules\\sequelize\\lib\\utils.js:126:20)\n    at Sequelize.query (D:\\HJ\\node.js\\게시판\\board\\node_modules\\sequelize\\lib\\sequelize.js:586:21)\n    at Object.create (D:\\HJ\\node.js\\게시판\\board\\models\\board.js:30:20)\n    at D:\\HJ\\node.js\\게시판\\board\\routes\\admin\\index.js:31:30\n    at Layer.handle [as handle_request] (D:\\HJ\\node.js\\게시판\\board\\node_modules\\express\\lib\\router\\layer.js:95:5)\n    at next (D:\\HJ\\node.js\\게시판\\board\\node_modules\\express\\lib\\router\\route.js:137:13)\n    at next (D:\\HJ\\node.js\\게시판\\board\\node_modules\\express\\lib\\router\\route.js:131:14)","service":"general"}
{"level":"error","message":"[16:14:32][404]/admin/member은 없는 페이지 입니다.","service":"general"}
{"level":"error","message":"[16:14:32]Error: /admin/member은 없는 페이지 입니다.\n    at D:\\HJ\\node.js\\게시판\\board\\app.js:69:16\n    at Layer.handle [as handle_request] (D:\\HJ\\node.js\\게시판\\board\\node_modules\\express\\lib\\router\\layer.js:95:5)\n    at trim_prefix (D:\\HJ\\node.js\\게시판\\board\\node_modules\\express\\lib\\router\\index.js:317:13)\n    at D:\\HJ\\node.js\\게시판\\board\\node_modules\\express\\lib\\router\\index.js:284:7\n    at Function.process_params (D:\\HJ\\node.js\\게시판\\board\\node_modules\\express\\lib\\router\\index.js:335:12)\n    at next (D:\\HJ\\node.js\\게시판\\board\\node_modules\\express\\lib\\router\\index.js:275:10)\n    at D:\\HJ\\node.js\\게시판\\board\\node_modules\\express\\lib\\router\\index.js:635:15\n    at next (D:\\HJ\\node.js\\게시판\\board\\node_modules\\express\\lib\\router\\index.js:260:14)\n    at Function.handle (D:\\HJ\\node.js\\게시판\\board\\node_modules\\express\\lib\\router\\index.js:174:3)\n    at router (D:\\HJ\\node.js\\게시판\\board\\node_modules\\express\\lib\\router\\index.js:47:12)","service":"general"}
